"M:/User/Documents - Data Drive/Unreal Projects/BaseVRDevEnv/Content/Geometry/Meshes/CubeMaterial.uasset" 0
"M:/User/Documents - Data Drive/Unreal Projects/BaseVRDevEnv/Content/Geometry/Meshes/1M_Cube_Chamfer.uasset" 1
"M:/User/Documents - Data Drive/Unreal Projects/BaseVRDevEnv/Content/Geometry/Meshes/TemplateFloor.uasset" 2
"M:/User/Documents - Data Drive/Unreal Projects/BaseVRDevEnv/Content/MobileStarterContent/Materials/M_Basic_Wall.uasset" 3
"M:/User/Documents - Data Drive/Unreal Projects/BaseVRDevEnv/Content/MobileStarterContent/Architecture/Pillar_50x500.uasset" 4
"M:/User/Documents - Data Drive/Unreal Projects/BaseVRDevEnv/Content/MobileStarterContent/Architecture/Wall_400x300.uasset" 5
"M:/User/Documents - Data Drive/Unreal Projects/BaseVRDevEnv/Content/MobileStarterContent/Architecture/Wall_400x400.uasset" 6
"M:/User/Documents - Data Drive/Unreal Projects/BaseVRDevEnv/Content/MobileStarterContent/Architecture/Wall_500x500.uasset" 7
"M:/User/Documents - Data Drive/Unreal Projects/BaseVRDevEnv/Content/MobileStarterContent/Architecture/Wall_Door_400x400.uasset" 8
"M:/User/Documents - Data Drive/Unreal Projects/BaseVRDevEnv/Content/MobileStarterContent/Architecture/Wall_Window_400x400.uasset" 9
"M:/User/Documents - Data Drive/Unreal Projects/BaseVRDevEnv/Content/MobileStarterContent/Audio/Light01.uasset" 10
"M:/User/Documents - Data Drive/Unreal Projects/BaseVRDevEnv/Content/MobileStarterContent/Audio/Light01_Cue.uasset" 11
"M:/User/Documents - Data Drive/Unreal Projects/BaseVRDevEnv/Content/MobileStarterContent/Audio/Light02.uasset" 12
"M:/User/Documents - Data Drive/Unreal Projects/BaseVRDevEnv/Content/MobileStarterContent/Audio/Light02_Cue.uasset" 13
"M:/User/Documents - Data Drive/Unreal Projects/BaseVRDevEnv/Content/MobileStarterContent/Audio/Steam01.uasset" 14
"M:/User/Documents - Data Drive/Unreal Projects/BaseVRDevEnv/Content/MobileStarterContent/Audio/Steam01_Cue.uasset" 15
"M:/User/Documents - Data Drive/Unreal Projects/BaseVRDevEnv/Content/MobileStarterContent/Audio/Explosion01.uasset" 16
"M:/User/Documents - Data Drive/Unreal Projects/BaseVRDevEnv/Content/MobileStarterContent/Audio/Explosion02.uasset" 17
"M:/User/Documents - Data Drive/Unreal Projects/BaseVRDevEnv/Content/MobileStarterContent/Audio/Explosion_Cue.uasset" 18
"M:/User/Documents - Data Drive/Unreal Projects/BaseVRDevEnv/Content/MobileStarterContent/Textures/T_Burst_M.uasset" 19
"M:/User/Documents - Data Drive/Unreal Projects/BaseVRDevEnv/Content/MobileStarterContent/Particles/Materials/M_Burst.uasset" 20
"M:/User/Documents - Data Drive/Unreal Projects/BaseVRDevEnv/Content/MobileStarterContent/Textures/T_Explosion_SubUV.uasset" 21
"M:/User/Documents - Data Drive/Unreal Projects/BaseVRDevEnv/Content/MobileStarterContent/Particles/Materials/M_explosion_subUV.uasset" 22
"M:/User/Documents - Data Drive/Unreal Projects/BaseVRDevEnv/Content/MobileStarterContent/Particles/Materials/m_flare_01.uasset" 23
"../../../Engine/Content/Functions/Engine_MaterialFunctions01/Gradient/RadialGradient.uasset" 24
"M:/User/Documents - Data Drive/Unreal Projects/BaseVRDevEnv/Content/MobileStarterContent/Particles/Materials/M_radial_ramp.uasset" 25
"M:/User/Documents - Data Drive/Unreal Projects/BaseVRDevEnv/Content/MobileStarterContent/Textures/T_Smoke_SubUV.uasset" 26
"M:/User/Documents - Data Drive/Unreal Projects/BaseVRDevEnv/Content/MobileStarterContent/Textures/T_Smoke_Tiled_D.uasset" 27
"M:/User/Documents - Data Drive/Unreal Projects/BaseVRDevEnv/Content/MobileStarterContent/Particles/Materials/M_smoke_subUV.uasset" 28
"M:/User/Documents - Data Drive/Unreal Projects/BaseVRDevEnv/Content/MobileStarterContent/Particles/P_Explosion.uasset" 29
"M:/User/Documents - Data Drive/Unreal Projects/BaseVRDevEnv/Content/MobileStarterContent/Blueprints/Blueprint_Effect_Explosion.uasset" 30
"M:/User/Documents - Data Drive/Unreal Projects/BaseVRDevEnv/Content/MobileStarterContent/Textures/T_Bush_D.uasset" 31
"M:/User/Documents - Data Drive/Unreal Projects/BaseVRDevEnv/Content/MobileStarterContent/Textures/T_Bush_N.uasset" 32
"M:/User/Documents - Data Drive/Unreal Projects/BaseVRDevEnv/Content/MobileStarterContent/Props/Materials/M_Bush.uasset" 33
"M:/User/Documents - Data Drive/Unreal Projects/BaseVRDevEnv/Content/MobileStarterContent/Props/SM_Bush.uasset" 34
"M:/User/Documents - Data Drive/Unreal Projects/BaseVRDevEnv/Content/MobileStarterContent/Textures/T_Chair_M.uasset" 35
"M:/User/Documents - Data Drive/Unreal Projects/BaseVRDevEnv/Content/MobileStarterContent/Textures/T_Chair_N.uasset" 36
"M:/User/Documents - Data Drive/Unreal Projects/BaseVRDevEnv/Content/MobileStarterContent/Props/Materials/M_Chair.uasset" 37
"M:/User/Documents - Data Drive/Unreal Projects/BaseVRDevEnv/Content/MobileStarterContent/Props/SM_Couch.uasset" 38
"M:/User/Documents - Data Drive/Unreal Projects/BaseVRDevEnv/Content/MobileStarterContent/Materials/M_Glass.uasset" 39
"M:/User/Documents - Data Drive/Unreal Projects/BaseVRDevEnv/Content/MobileStarterContent/Textures/T_Door_M.uasset" 40
"M:/User/Documents - Data Drive/Unreal Projects/BaseVRDevEnv/Content/MobileStarterContent/Textures/T_Door_N.uasset" 41
"M:/User/Documents - Data Drive/Unreal Projects/BaseVRDevEnv/Content/MobileStarterContent/Props/Materials/M_Door.uasset" 42
"M:/User/Documents - Data Drive/Unreal Projects/BaseVRDevEnv/Content/MobileStarterContent/Props/SM_Door.uasset" 43
"M:/User/Documents - Data Drive/Unreal Projects/BaseVRDevEnv/Content/MobileStarterContent/Props/Materials/M_MaterialSphere.uasset" 44
"M:/User/Documents - Data Drive/Unreal Projects/BaseVRDevEnv/Content/MobileStarterContent/Props/Materials/M_MaterialSphere_Plain.uasset" 45
"M:/User/Documents - Data Drive/Unreal Projects/BaseVRDevEnv/Content/MobileStarterContent/Props/SM_MatPreviewMesh_02.uasset" 46
"M:/User/Documents - Data Drive/Unreal Projects/BaseVRDevEnv/Content/MobileStarterContent/Textures/T_Rock_Basalt_D.uasset" 47
"M:/User/Documents - Data Drive/Unreal Projects/BaseVRDevEnv/Content/MobileStarterContent/Textures/T_RockMesh_M.uasset" 48
"M:/User/Documents - Data Drive/Unreal Projects/BaseVRDevEnv/Content/MobileStarterContent/Textures/T_RockMesh_N.uasset" 49
"M:/User/Documents - Data Drive/Unreal Projects/BaseVRDevEnv/Content/MobileStarterContent/Props/Materials/M_Rock.uasset" 50
"M:/User/Documents - Data Drive/Unreal Projects/BaseVRDevEnv/Content/MobileStarterContent/Props/SM_Rock.uasset" 51
"M:/User/Documents - Data Drive/Unreal Projects/BaseVRDevEnv/Content/MobileStarterContent/Textures/T_Shelf_M.uasset" 52
"M:/User/Documents - Data Drive/Unreal Projects/BaseVRDevEnv/Content/MobileStarterContent/Textures/T_Shelf_N.uasset" 53
"M:/User/Documents - Data Drive/Unreal Projects/BaseVRDevEnv/Content/MobileStarterContent/Props/Materials/M_Shelf.uasset" 54
"M:/User/Documents - Data Drive/Unreal Projects/BaseVRDevEnv/Content/MobileStarterContent/Props/SM_Shelf.uasset" 55
"M:/User/Documents - Data Drive/Unreal Projects/BaseVRDevEnv/Content/MobileStarterContent/Props/SM_Stairs.uasset" 56
"M:/User/Documents - Data Drive/Unreal Projects/BaseVRDevEnv/Content/MobileStarterContent/Shapes/Shape_Cone.uasset" 57
"M:/User/Documents - Data Drive/Unreal Projects/BaseVRDevEnv/Content/MobileStarterContent/Shapes/Shape_Cylinder.uasset" 58
"M:/User/Documents - Data Drive/Unreal Projects/BaseVRDevEnv/Content/MobileStarterContent/Shapes/Shape_NarrowCapsule.uasset" 59
"M:/User/Documents - Data Drive/Unreal Projects/BaseVRDevEnv/Content/MobileStarterContent/Shapes/Shape_Pipe.uasset" 60
"M:/User/Documents - Data Drive/Unreal Projects/BaseVRDevEnv/Content/MobileStarterContent/Shapes/Shape_Pipe_180.uasset" 61
"M:/User/Documents - Data Drive/Unreal Projects/BaseVRDevEnv/Content/MobileStarterContent/Shapes/Shape_Pipe_90.uasset" 62
"M:/User/Documents - Data Drive/Unreal Projects/BaseVRDevEnv/Content/MobileStarterContent/Shapes/Shape_Plane.uasset" 63
"M:/User/Documents - Data Drive/Unreal Projects/BaseVRDevEnv/Content/MobileStarterContent/Shapes/Shape_Torus.uasset" 64
"M:/User/Documents - Data Drive/Unreal Projects/BaseVRDevEnv/Content/MobileStarterContent/Shapes/Shape_Trim.uasset" 65
"M:/User/Documents - Data Drive/Unreal Projects/BaseVRDevEnv/Content/MobileStarterContent/Shapes/Shape_Trim_90_In.uasset" 66
"M:/User/Documents - Data Drive/Unreal Projects/BaseVRDevEnv/Content/MobileStarterContent/Shapes/Shape_Trim_90_Out.uasset" 67
"M:/User/Documents - Data Drive/Unreal Projects/BaseVRDevEnv/Content/MobileStarterContent/Shapes/Shape_TriPyramid.uasset" 68
"M:/User/Documents - Data Drive/Unreal Projects/BaseVRDevEnv/Content/MobileStarterContent/Shapes/Shape_Tube.uasset" 69
"M:/User/Documents - Data Drive/Unreal Projects/BaseVRDevEnv/Content/MobileStarterContent/Shapes/Shape_Wedge_A.uasset" 70
"M:/User/Documents - Data Drive/Unreal Projects/BaseVRDevEnv/Content/MobileStarterContent/Shapes/Shape_Wedge_B.uasset" 71
"M:/User/Documents - Data Drive/Unreal Projects/BaseVRDevEnv/Content/MobileStarterContent/Shapes/Shape_WideCapsule.uasset" 72
"M:/User/Documents - Data Drive/Unreal Projects/BaseVRDevEnv/Content/MobileStarterContent/Textures/T_CobbleStone_Pebble_M.uasset" 73
"M:/User/Documents - Data Drive/Unreal Projects/BaseVRDevEnv/Content/MobileStarterContent/Textures/T_Concrete_Tiles_Variation_M.uasset" 74
"M:/User/Documents - Data Drive/Unreal Projects/BaseVRDevEnv/Content/MobileStarterContent/Textures/T_Detail_Rocky_N.uasset" 75
"M:/User/Documents - Data Drive/Unreal Projects/BaseVRDevEnv/Content/MobileStarterContent/Textures/T_Gradinet_01.uasset" 76
"M:/User/Documents - Data Drive/Unreal Projects/BaseVRDevEnv/Content/MobileStarterContent/Textures/T_Perlin_Noise_M.uasset" 77
"M:/User/Documents - Data Drive/Unreal Projects/BaseVRDevEnv/Content/MobileStarterContent/Textures/T_Rock_Smooth_Granite_D.uasset" 78
"../../../Engine/Content/Animation/DefaultAnimCurveCompressionSettings.uasset" 79
"../../../Engine/Content/Functions/Engine_MaterialFunctions01/Opacity/CameraDepthFade.uasset" 80
"../../../Engine/Content/EngineMaterials/T_Default_Material_Grid_M.uasset" 81
"../../../Engine/Content/EngineMaterials/T_Default_Material_Grid_N.uasset" 82
"../../../Engine/Content/EngineMaterials/WorldGridMaterial.uasset" 83
"../../../Engine/Content/ArtTools/RenderToTexture/Meshes/S_1_Unit_Plane.uasset" 84
"../../../Engine/Content/EngineMaterials/DefaultMaterial.uasset" 85
"../../../Engine/Content/BasicShapes/Cone.uasset" 86
"../../../Engine/Content/BasicShapes/Cube.uasset" 87
"../../../Engine/Content/BasicShapes/Plane.uasset" 88
"../../../Engine/Content/EditorLandscapeResources/DataLayer.uasset" 89
"../../../Engine/Content/EditorMaterials/MAT_Groups_Toggle.uasset" 90
"../../../Engine/Content/EditorMaterials/MAT_Groups_Visibility.uasset" 91
"../../../Engine/Content/EditorMaterials/PreviewShadowIndicator.uasset" 92
"../../../Engine/Content/EditorMaterials/PreviewShadowIndicatorMaterial.uasset" 93
"../../../Engine/Content/EditorMaterials/MatineeGroups/MAT_ColorTrack.uasset" 94
"../../../Engine/Content/EditorMaterials/MatineeGroups/MAT_Groups_Anim.uasset" 95
"../../../Engine/Content/EditorMaterials/MatineeGroups/MAT_Groups_AudioMaster.uasset" 96
"../../../Engine/Content/EditorMaterials/MatineeGroups/MAT_Groups_Director.uasset" 97
"../../../Engine/Content/EditorMaterials/MatineeGroups/MAT_Groups_Event.uasset" 98
"../../../Engine/Content/EditorMaterials/MatineeGroups/MAT_Groups_Fade.uasset" 99
"../../../Engine/Content/EditorMaterials/MatineeGroups/MAT_Groups_Float.uasset" 100
"../../../Engine/Content/EditorMaterials/MatineeGroups/MAT_Groups_Move.uasset" 101
"../../../Engine/Content/EditorMaterials/MatineeGroups/MAT_Groups_Slomo.uasset" 102
"../../../Engine/Content/EditorMaterials/MatineeGroups/MAT_Groups_Sound.uasset" 103
"../../../Engine/Content/EditorMaterials/MatineeGroups/MAT_Groups_Vector.uasset" 104
"../../../Engine/Content/EditorMaterials/ParticleSystems/PSysThumbnail_NoImage.uasset" 105
"../../../Engine/Content/EditorMaterials/ParticleSystems/PSysThumbnail_OOD.uasset" 106
"../../../Engine/Content/EditorMaterials/Camera/CineMat.uasset" 107
"../../../Engine/Content/EditorMaterials/Camera/MI_CineMat_Rig.uasset" 108
"../../../Engine/Content/EditorMeshes/Camera/SM_CraneRig_Arm.uasset" 109
"../../../Engine/Content/EditorMeshes/Camera/SM_CraneRig_Base.uasset" 110
"../../../Engine/Content/EditorMeshes/Camera/SM_CraneRig_Body.uasset" 111
"../../../Engine/Content/EditorMeshes/Camera/SM_CraneRig_Mount.uasset" 112
"../../../Engine/Content/EditorMeshes/Camera/SM_RailRig_Mount.uasset" 113
"../../../Engine/Content/EditorMeshes/Camera/SM_RailRig_Track.uasset" 114
"../../../Engine/Content/EditorResources/BSPVertex.uasset" 115
"../../../Engine/Content/EditorResources/EmptyActor.uasset" 116
"../../../Engine/Content/EditorResources/S_Actor.uasset" 117
"../../../Engine/Content/EditorResources/S_Note.uasset" 118
"../../../Engine/Content/EditorResources/S_Solver.uasset" 119
"../../../Engine/Content/EditorResources/S_Trigger.uasset" 120
"../../../Engine/Content/EditorResources/AudioIcons/S_AudioComponent.uasset" 121
"../../../Engine/Content/EditorResources/AudioIcons/S_AudioComponent_AutoActivate.uasset" 122
"../../../Engine/Content/EditorResources/LightIcons/S_LightError.uasset" 123
"../../../Engine/Content/EditorResources/SequenceRecorder/Countdown.uasset" 124
"../../../Engine/Content/EditorResources/SequenceRecorder/RecordingIndicator.uasset" 125
"../../../Engine/Content/EditorSounds/Notifications/CompileFailed.uasset" 126
"../../../Engine/Content/EditorSounds/Notifications/CompileFailed_Cue.uasset" 127
"../../../Engine/Content/EditorSounds/Notifications/CompileSuccess.uasset" 128
"../../../Engine/Content/EditorSounds/Notifications/CompileStart_Cue.uasset" 129
"../../../Engine/Content/EditorSounds/Notifications/CompileSuccess_Cue.uasset" 130
"../../../Engine/Content/EngineDamageTypes/DmgTypeBP_Environmental.uasset" 131
"../../../Engine/Content/EngineDebugMaterials/DebugEditorMaterial.uasset" 132
"../../../Engine/Content/EngineDebugMaterials/DebugMeshMaterial.uasset" 133
"../../../Engine/Content/EngineDebugMaterials/M_SimpleTranslucent.uasset" 134
"../../../Engine/Content/Functions/Engine_MaterialFunctions02/Utility/CameraDirectionVector.uasset" 135
"../../../Engine/Content/EngineDebugMaterials/VolumeToRender.uasset" 136
"../../../Engine/Content/EngineDebugMaterials/M_VolumeRenderSphereTracePP.uasset" 137
"../../../Engine/Content/EngineDebugMaterials/WireframeMaterial.uasset" 138
"../../../Engine/Content/EngineFonts/Faces/DroidSansFallback.uasset" 139
"../../../Engine/Content/EngineFonts/Faces/RobotoBold.uasset" 140
"../../../Engine/Content/EngineFonts/Faces/RobotoBoldItalic.uasset" 141
"../../../Engine/Content/EngineFonts/Faces/RobotoItalic.uasset" 142
"../../../Engine/Content/EngineFonts/Faces/RobotoLight.uasset" 143
"../../../Engine/Content/EngineFonts/Faces/RobotoRegular.uasset" 144
"../../../Engine/Content/EngineFonts/Roboto.uasset" 145
"../../../Engine/Content/EngineMaterials/BaseFlattenDiffuseMap.uasset" 146
"../../../Engine/Content/EngineMaterials/BaseFlattenEmissiveMap.uasset" 147
"../../../Engine/Content/EngineMaterials/BaseFlattenGrayscaleMap.uasset" 148
"../../../Engine/Content/EngineMaterials/BaseFlattenNormalMap.uasset" 149
"../../../Engine/Content/EngineMaterials/BaseFlattenMaterial.uasset" 150
"../../../Engine/Content/EngineMaterials/BlueNoise.uasset" 151
"../../../Engine/Content/EngineMaterials/DefaultBloomKernel.uasset" 152
"../../../Engine/Content/EngineMaterials/DefaultBokeh.uasset" 153
"../../../Engine/Content/EngineMaterials/DefaultDiffuse.uasset" 154
"../../../Engine/Content/EngineMaterials/DefaultDeferredDecalMaterial.uasset" 155
"../../../Engine/Content/EngineMaterials/DefaultLightFunctionMaterial.uasset" 156
"../../../Engine/Content/EngineMaterials/DefaultPhysicalMaterial.uasset" 157
"../../../Engine/Content/Functions/Engine_MaterialFunctions02/Utility/BreakOutFloat2Components.uasset" 158
"../../../Engine/Content/EngineMaterials/DefaultPostProcessMaterial.uasset" 159
"../../../Engine/Content/EngineFonts/RobotoDistanceField.uasset" 160
"../../../Engine/Content/EngineMaterials/DefaultTextMaterialOpaque.uasset" 161
"../../../Engine/Content/EngineMaterials/DefaultVirtualTextureMaterial.uasset" 162
"../../../Engine/Content/EngineMaterials/DefaultWhiteGrid.uasset" 163
"../../../Engine/Content/EngineMaterials/DefaultWhiteGrid_Low.uasset" 164
"../../../Engine/Content/EngineMaterials/EmissiveMeshMaterial.uasset" 165
"../../../Engine/Content/EngineMaterials/GizmoMaterial.uasset" 166
"../../../Engine/Content/EngineMaterials/HairDefaultMaterial.uasset" 167
"../../../Engine/Content/EngineMaterials/MiniFont.uasset" 168
"../../../Engine/Content/EngineMaterials/InvalidLightmapSettings.uasset" 169
"../../../Engine/Content/EngineMaterials/M_InvalidLightmapSettings.uasset" 170
"../../../Engine/Content/Functions/Engine_MaterialFunctions02/WorldPositionOffset/CameraOffset.uasset" 171
"../../../Engine/Content/EngineMaterials/PhAT_JointLimitMaterial.uasset" 172
"../../../Engine/Content/EngineMaterials/PreintegratedSkinBRDF.uasset" 173
"../../../Engine/Content/EngineMaterials/RemoveSurfaceMaterial.uasset" 174
"../../../Engine/Content/EngineMaterials/WeightMapPlaceholderTexture.uasset" 175
"../../../Engine/Content/EngineResources/WhiteSquareTexture.uasset" 176
"../../../Engine/Content/EngineMaterials/Widget3DPassThrough.uasset" 177
"../../../Engine/Content/EngineMaterials/Widget3DPassThrough_Masked.uasset" 178
"../../../Engine/Content/EngineMaterials/Widget3DPassThrough_Opaque.uasset" 179
"../../../Engine/Content/EngineMaterials/Widget3DPassThrough_Masked_OneSided.uasset" 180
"../../../Engine/Content/EngineMaterials/Widget3DPassThrough_Opaque_OneSided.uasset" 181
"../../../Engine/Content/EngineMaterials/Widget3DPassThrough_Translucent.uasset" 182
"../../../Engine/Content/EngineMaterials/Widget3DPassThrough_Translucent_OneSided.uasset" 183
"../../../Engine/Content/EngineMeshes/Cylinder.uasset" 184
"../../../Engine/Content/EngineMeshes/Sphere.uasset" 185
"../../../Engine/Content/EngineResources/Black.uasset" 186
"../../../Engine/Content/EngineResources/DefaultTexture.uasset" 187
"../../../Engine/Content/EngineResources/DefaultTextureCube.uasset" 188
"../../../Engine/Content/EngineResources/DefaultVolumeTexture2D.uasset" 189
"../../../Engine/Content/EngineResources/DefaultVolumeTexture.uasset" 190
"../../../Engine/Content/EngineResources/GradientTexture0.uasset" 191
"../../../Engine/Content/EngineSounds/Master.uasset" 192
"../../../Engine/Content/Functions/Engine_MaterialFunctions01/Shading/ConvertFromDiffSpec.uasset" 193
"../../../Engine/Content/Functions/Engine_MaterialFunctions01/Shading/PowerToRoughness.uasset" 194
"../../../Engine/Content/Maps/Templates/Thumbnails/Default.uasset" 195
"../../../Engine/Content/Maps/Templates/Thumbnails/TimeOfDay.uasset" 196
"../../../Engine/Content/Maps/Templates/Thumbnails/VR-Basic.uasset" 197
"../../../Engine/Content/MobileResources/T_MobileControls_texture.uasset" 198
"../../../Engine/Content/MobileResources/T_MobileMenu2.uasset" 199
"../../../Engine/Content/MobileResources/HUD/AnalogHat.uasset" 200
"../../../Engine/Content/MobileResources/HUD/VirtualJoystick_Background.uasset" 201
"../../../Engine/Content/MobileResources/HUD/VirtualJoystick_Thumb.uasset" 202
"../../../Engine/Content/MobileResources/HUD/DefaultVirtualJoysticks.uasset" 203
"../../../Engine/Content/MobileResources/HUD/LeftVirtualJoystickOnly.uasset" 204
"../../../Engine/Content/MobileResources/HUD/MobileHUDButton1_off.uasset" 205
"../../../Engine/Content/MobileResources/HUD/MobileHUDButton1_on.uasset" 206
"../../../Engine/Content/MobileResources/HUD/MobileHUDButton2_off.uasset" 207
"../../../Engine/Content/MobileResources/HUD/MobileHUDButton2_on.uasset" 208
"../../../Engine/Content/MobileResources/HUD/MobileHUDButton3.uasset" 209
"../../../Engine/Content/MobileResources/HUD/MobileHUDButtonFire.uasset" 210
"../../../Engine/Content/MobileResources/HUD/MobileHUDDirectionPad.uasset" 211
"../../../Engine/Content/MobileResources/HUD/MobileHUDDirectionPad2.uasset" 212
"../../../Engine/Content/MobileResources/HUD/MobileHUDDirectionPad3.uasset" 213
"../../../Engine/Content/MobileResources/HUD/MobileHUDDirectionStick.uasset" 214
"../../../Engine/Content/MobileResources/HUD/T_Castle_ThumbstickInner.uasset" 215
"../../../Engine/Content/MobileResources/HUD/T_Castle_ThumbstickOutter.uasset" 216
"../../../Engine/Content/Tutorial/ContentIntroCurve.uasset" 217
"../../../Engine/Content/Tutorial/Basics/LevelEditorAttract.uasset" 218
"../../../Engine/Content/Tutorial/Basics/TutorialAssets/icon_tab_Levels_40x.uasset" 219
"../../../Engine/Content/Tutorial/Basics/LevelEditorOverview.uasset" 220
"../../../Engine/Content/Tutorial/BlueprintTutorials/TutorialAssets/Blueprint_64x.uasset" 221
"../../../Engine/Content/Tutorial/BlueprintTutorials/BlueprintEditorTutorial.uasset" 222
"../../../Engine/Content/VREditor/LaserPointer/VR_LaserPower_01.uasset" 223
"../../../Engine/Content/VREditor/TransformGizmo/TransformGizmoMaterial.uasset" 224
"../../../Engine/Content/VREditor/TransformGizmo/TranslucentTransformGizmoMaterial.uasset" 225
"../../../Engine/Content/VREditor/TransformGizmo/BoundingBoxCorner.uasset" 226
"../../../Engine/Content/VREditor/TransformGizmo/BoundingBoxEdge.uasset" 227
"../../../Engine/Content/VREditor/TransformGizmo/PlaneTranslationHandle.uasset" 228
"../../../Engine/Content/VREditor/TransformGizmo/Main.uasset" 229
"../../../Engine/Content/VREditor/TransformGizmo/Xray.uasset" 230
"../../../Engine/Content/VREditor/TransformGizmo/SM_Sequencer_Key.uasset" 231
"../../../Engine/Content/VREditor/TransformGizmo/SM_Sequencer_Node.uasset" 232
"../../Plugins/2D/Paper2D/Content/PlaceholderTextures/DummySpriteTexture.uasset" 233
"../../Plugins/2D/Paper2D/Content/DummySprite.uasset" 234
"../../Plugins/2D/Paper2D/Content/DefaultPaperTerrainMaterial.uasset" 235
"../../Plugins/2D/Paper2D/Content/DummySpriteTexture.uasset" 236
"../../Plugins/2D/Paper2D/Content/DefaultSpriteMaterial.uasset" 237
"../../Plugins/2D/Paper2D/Content/MaskedUnlitSpriteMaterial.uasset" 238
"../../Plugins/2D/Paper2D/Content/OpaqueUnlitSpriteMaterial.uasset" 239
"../../../Engine/Content/Functions/Engine_MaterialFunctions02/Utility/BreakOutFloat4Components.uasset" 240
"../../../Engine/Content/Functions/Engine_MaterialFunctions02/Utility/MakeFloat2.uasset" 241
"../../../Engine/Content/Functions/Engine_MaterialFunctions02/Utility/MakeFloat3.uasset" 242
"../../Plugins/Runtime/Oculus/OculusVR/Content/Materials/OculusMR_ChromaKey.uasset" 243
"../../Plugins/Runtime/Oculus/OculusVR/Content/Materials/OculusMR_ChromaKey_Lit.uasset" 244
"../../Plugins/Runtime/Oculus/OculusVR/Content/Materials/OculusMR_OpaqueColoredMaterial.uasset" 245
"../../Plugins/Runtime/Oculus/OculusVR/Content/Materials/OculusMR_WhiteMaterial.uasset" 246
"../../../Engine/Content/EditorBlueprintResources/StandardMacros.uasset" 247
"../../../Engine/Content/EngineSky/C_Sky_Cloud_Color.uasset" 248
"../../../Engine/Content/EngineSky/C_Sky_Horizon_Color.uasset" 249
"../../../Engine/Content/EngineSky/C_Sky_Zenith_Color.uasset" 250
"../../../Engine/Content/EngineSky/T_Sky_Blue.uasset" 251
"../../../Engine/Content/EngineSky/T_Sky_Clouds_M.uasset" 252
"../../../Engine/Content/EngineSky/T_Sky_Stars.uasset" 253
"../../../Engine/Content/EngineSky/M_Sky_Panning_Clouds2.uasset" 254
"../../../Engine/Content/EngineSky/SM_SkySphere.uasset" 255
"../../../Engine/Content/EngineSky/BP_Sky_Sphere.uasset" 256
"M:/User/Documents - Data Drive/Unreal Projects/BaseVRDevEnv/Content/MobileStarterContent/Maps/Minimal_Default_BuiltData.uasset" 257
"M:/User/Documents - Data Drive/Unreal Projects/BaseVRDevEnv/Content/MobileStarterContent/Materials/M_Basic_Floor.uasset" 258
"M:/User/Documents - Data Drive/Unreal Projects/BaseVRDevEnv/Content/MobileStarterContent/Architecture/Floor_400x400.uasset" 259
"M:/User/Documents - Data Drive/Unreal Projects/BaseVRDevEnv/Content/MobileStarterContent/Props/SM_Chair.uasset" 260
"M:/User/Documents - Data Drive/Unreal Projects/BaseVRDevEnv/Content/MobileStarterContent/Textures/T_Statue_M.uasset" 261
"M:/User/Documents - Data Drive/Unreal Projects/BaseVRDevEnv/Content/MobileStarterContent/Textures/T_Statue_N.uasset" 262
"M:/User/Documents - Data Drive/Unreal Projects/BaseVRDevEnv/Content/MobileStarterContent/Props/Materials/M_Statue.uasset" 263
"M:/User/Documents - Data Drive/Unreal Projects/BaseVRDevEnv/Content/MobileStarterContent/Props/Materials/M_StatueGlass.uasset" 264
"M:/User/Documents - Data Drive/Unreal Projects/BaseVRDevEnv/Content/MobileStarterContent/Props/SM_Statue.uasset" 265
"M:/User/Documents - Data Drive/Unreal Projects/BaseVRDevEnv/Content/MobileStarterContent/Textures/T_TableRound_M.uasset" 266
"M:/User/Documents - Data Drive/Unreal Projects/BaseVRDevEnv/Content/MobileStarterContent/Textures/T_TableRound_N.uasset" 267
"M:/User/Documents - Data Drive/Unreal Projects/BaseVRDevEnv/Content/MobileStarterContent/Props/Materials/M_TableRound.uasset" 268
"M:/User/Documents - Data Drive/Unreal Projects/BaseVRDevEnv/Content/MobileStarterContent/Props/SM_TableRound.uasset" 269
"M:/User/Documents - Data Drive/Unreal Projects/BaseVRDevEnv/Content/MobileStarterContent/Maps/Minimal_Default.umap" 270
"M:/User/Documents - Data Drive/Unreal Projects/BaseVRDevEnv/Content/MobileStarterContent/Audio/Fire01.uasset" 271
"M:/User/Documents - Data Drive/Unreal Projects/BaseVRDevEnv/Content/MobileStarterContent/Audio/Fire01_Cue.uasset" 272
"M:/User/Documents - Data Drive/Unreal Projects/BaseVRDevEnv/Content/MobileStarterContent/Textures/T_Fire_SubUV.uasset" 273
"M:/User/Documents - Data Drive/Unreal Projects/BaseVRDevEnv/Content/MobileStarterContent/Textures/T_Fire_Tiled_D.uasset" 274
"M:/User/Documents - Data Drive/Unreal Projects/BaseVRDevEnv/Content/MobileStarterContent/Particles/Materials/M_Fire_SubUV.uasset" 275
"M:/User/Documents - Data Drive/Unreal Projects/BaseVRDevEnv/Content/MobileStarterContent/Particles/Materials/M_Radial_Gradient.uasset" 276
"M:/User/Documents - Data Drive/Unreal Projects/BaseVRDevEnv/Content/MobileStarterContent/Particles/P_Fire.uasset" 277
"M:/User/Documents - Data Drive/Unreal Projects/BaseVRDevEnv/Content/MobileStarterContent/Blueprints/Blueprint_Effect_Fire.uasset" 278
"M:/User/Documents - Data Drive/Unreal Projects/BaseVRDevEnv/Content/MobileStarterContent/Audio/Smoke01.uasset" 279
"M:/User/Documents - Data Drive/Unreal Projects/BaseVRDevEnv/Content/MobileStarterContent/Audio/Smoke01_Cue.uasset" 280
"M:/User/Documents - Data Drive/Unreal Projects/BaseVRDevEnv/Content/MobileStarterContent/Particles/P_Smoke.uasset" 281
"M:/User/Documents - Data Drive/Unreal Projects/BaseVRDevEnv/Content/MobileStarterContent/Blueprints/Blueprint_Effect_Smoke.uasset" 282
"M:/User/Documents - Data Drive/Unreal Projects/BaseVRDevEnv/Content/MobileStarterContent/Audio/Fire_Sparks01.uasset" 283
"M:/User/Documents - Data Drive/Unreal Projects/BaseVRDevEnv/Content/MobileStarterContent/Audio/Fire_Sparks01_Cue.uasset" 284
"M:/User/Documents - Data Drive/Unreal Projects/BaseVRDevEnv/Content/MobileStarterContent/Textures/T_Spark_Core.uasset" 285
"M:/User/Documents - Data Drive/Unreal Projects/BaseVRDevEnv/Content/MobileStarterContent/Particles/Materials/M_Spark.uasset" 286
"M:/User/Documents - Data Drive/Unreal Projects/BaseVRDevEnv/Content/MobileStarterContent/Particles/P_Sparks.uasset" 287
"M:/User/Documents - Data Drive/Unreal Projects/BaseVRDevEnv/Content/MobileStarterContent/Blueprints/Blueprint_Effect_Sparks.uasset" 288
"M:/User/Documents - Data Drive/Unreal Projects/BaseVRDevEnv/Content/MobileStarterContent/Textures/T_Lamp_M.uasset" 289
"M:/User/Documents - Data Drive/Unreal Projects/BaseVRDevEnv/Content/MobileStarterContent/Textures/T_Lamp_N.uasset" 290
"M:/User/Documents - Data Drive/Unreal Projects/BaseVRDevEnv/Content/MobileStarterContent/Props/Materials/M_Lamp.uasset" 291
"M:/User/Documents - Data Drive/Unreal Projects/BaseVRDevEnv/Content/MobileStarterContent/Props/SM_Lamp_Ceiling.uasset" 292
"M:/User/Documents - Data Drive/Unreal Projects/BaseVRDevEnv/Content/MobileStarterContent/Blueprints/Blueprint_CeilingLight.uasset" 293
"M:/User/Documents - Data Drive/Unreal Projects/BaseVRDevEnv/Content/MobileStarterContent/Props/SM_Lamp_Wall.uasset" 294
"M:/User/Documents - Data Drive/Unreal Projects/BaseVRDevEnv/Content/MobileStarterContent/Blueprints/Blueprint_WallSconce.uasset" 295
"M:/User/Documents - Data Drive/Unreal Projects/BaseVRDevEnv/Content/MobileStarterContent/Maps/StarterMap_BuiltData.uasset" 296
"M:/User/Documents - Data Drive/Unreal Projects/BaseVRDevEnv/Content/MobileStarterContent/Textures/T_Brick_Clay_Beveled_D.uasset" 297
"M:/User/Documents - Data Drive/Unreal Projects/BaseVRDevEnv/Content/MobileStarterContent/Textures/T_Brick_Clay_Beveled_M.uasset" 298
"M:/User/Documents - Data Drive/Unreal Projects/BaseVRDevEnv/Content/MobileStarterContent/Textures/T_Brick_Clay_Beveled_N.uasset" 299
"M:/User/Documents - Data Drive/Unreal Projects/BaseVRDevEnv/Content/MobileStarterContent/Materials/M_Brick_Clay_Beveled.uasset" 300
"M:/User/Documents - Data Drive/Unreal Projects/BaseVRDevEnv/Content/MobileStarterContent/Textures/T_Brick_Clay_New_D.uasset" 301
"M:/User/Documents - Data Drive/Unreal Projects/BaseVRDevEnv/Content/MobileStarterContent/Textures/T_Brick_Clay_New_M.uasset" 302
"M:/User/Documents - Data Drive/Unreal Projects/BaseVRDevEnv/Content/MobileStarterContent/Textures/T_Brick_Clay_New_N.uasset" 303
"M:/User/Documents - Data Drive/Unreal Projects/BaseVRDevEnv/Content/MobileStarterContent/Materials/M_Brick_Clay_New.uasset" 304
"M:/User/Documents - Data Drive/Unreal Projects/BaseVRDevEnv/Content/MobileStarterContent/Textures/T_Brick_Clay_Old_D.uasset" 305
"M:/User/Documents - Data Drive/Unreal Projects/BaseVRDevEnv/Content/MobileStarterContent/Textures/T_Brick_Clay_Old_N.uasset" 306
"M:/User/Documents - Data Drive/Unreal Projects/BaseVRDevEnv/Content/MobileStarterContent/Materials/M_Brick_Clay_Old.uasset" 307
"M:/User/Documents - Data Drive/Unreal Projects/BaseVRDevEnv/Content/MobileStarterContent/Textures/T_Brick_Cut_Stone_D.uasset" 308
"M:/User/Documents - Data Drive/Unreal Projects/BaseVRDevEnv/Content/MobileStarterContent/Textures/T_Brick_Cut_Stone_N.uasset" 309
"M:/User/Documents - Data Drive/Unreal Projects/BaseVRDevEnv/Content/MobileStarterContent/Materials/M_Brick_Cut_Stone.uasset" 310
"M:/User/Documents - Data Drive/Unreal Projects/BaseVRDevEnv/Content/MobileStarterContent/Textures/T_Brick_Hewn_Stone_D.uasset" 311
"M:/User/Documents - Data Drive/Unreal Projects/BaseVRDevEnv/Content/MobileStarterContent/Textures/T_Brick_Hewn_Stone_M.uasset" 312
"M:/User/Documents - Data Drive/Unreal Projects/BaseVRDevEnv/Content/MobileStarterContent/Textures/T_Brick_Hewn_Stone_N.uasset" 313
"M:/User/Documents - Data Drive/Unreal Projects/BaseVRDevEnv/Content/MobileStarterContent/Materials/M_Brick_Hewn_Stone.uasset" 314
"M:/User/Documents - Data Drive/Unreal Projects/BaseVRDevEnv/Content/MobileStarterContent/Textures/T_Ceramic_Tile_M.uasset" 315
"M:/User/Documents - Data Drive/Unreal Projects/BaseVRDevEnv/Content/MobileStarterContent/Textures/T_Ceramic_Tile_N.uasset" 316
"M:/User/Documents - Data Drive/Unreal Projects/BaseVRDevEnv/Content/MobileStarterContent/Textures/T_Rock_Marble_Polished_D.uasset" 317
"M:/User/Documents - Data Drive/Unreal Projects/BaseVRDevEnv/Content/MobileStarterContent/Materials/M_Ceramic_Tile_Checker.uasset" 318
"M:/User/Documents - Data Drive/Unreal Projects/BaseVRDevEnv/Content/MobileStarterContent/Textures/T_CobbleStone_Pebble_D.uasset" 319
"M:/User/Documents - Data Drive/Unreal Projects/BaseVRDevEnv/Content/MobileStarterContent/Textures/T_CobbleStone_Pebble_N.uasset" 320
"M:/User/Documents - Data Drive/Unreal Projects/BaseVRDevEnv/Content/MobileStarterContent/Materials/M_CobbleStone_Pebble.uasset" 321
"M:/User/Documents - Data Drive/Unreal Projects/BaseVRDevEnv/Content/MobileStarterContent/Textures/T_CobbleStone_Rough_D.uasset" 322
"M:/User/Documents - Data Drive/Unreal Projects/BaseVRDevEnv/Content/MobileStarterContent/Textures/T_CobbleStone_Rough_N.uasset" 323
"M:/User/Documents - Data Drive/Unreal Projects/BaseVRDevEnv/Content/MobileStarterContent/Materials/M_CobbleStone_Rough.uasset" 324
"M:/User/Documents - Data Drive/Unreal Projects/BaseVRDevEnv/Content/MobileStarterContent/Textures/T_CobbleStone_Smooth_D.uasset" 325
"M:/User/Documents - Data Drive/Unreal Projects/BaseVRDevEnv/Content/MobileStarterContent/Textures/T_CobbleStone_Smooth_M.uasset" 326
"M:/User/Documents - Data Drive/Unreal Projects/BaseVRDevEnv/Content/MobileStarterContent/Textures/T_CobbleStone_Smooth_N.uasset" 327
"M:/User/Documents - Data Drive/Unreal Projects/BaseVRDevEnv/Content/MobileStarterContent/Materials/M_CobbleStone_Smooth.uasset" 328
"M:/User/Documents - Data Drive/Unreal Projects/BaseVRDevEnv/Content/MobileStarterContent/Textures/T_Concrete_Grime_D.uasset" 329
"M:/User/Documents - Data Drive/Unreal Projects/BaseVRDevEnv/Content/MobileStarterContent/Textures/T_Metal_Rust_N.uasset" 330
"M:/User/Documents - Data Drive/Unreal Projects/BaseVRDevEnv/Content/MobileStarterContent/Materials/M_Concrete_Grime.uasset" 331
"M:/User/Documents - Data Drive/Unreal Projects/BaseVRDevEnv/Content/MobileStarterContent/Textures/T_Concrete_Panels_D.uasset" 332
"M:/User/Documents - Data Drive/Unreal Projects/BaseVRDevEnv/Content/MobileStarterContent/Textures/T_Concrete_Panels_N.uasset" 333
"M:/User/Documents - Data Drive/Unreal Projects/BaseVRDevEnv/Content/MobileStarterContent/Materials/M_Concrete_Panels.uasset" 334
"M:/User/Documents - Data Drive/Unreal Projects/BaseVRDevEnv/Content/MobileStarterContent/Textures/T_Concrete_Poured_D.uasset" 335
"M:/User/Documents - Data Drive/Unreal Projects/BaseVRDevEnv/Content/MobileStarterContent/Textures/T_Concrete_Poured_N.uasset" 336
"M:/User/Documents - Data Drive/Unreal Projects/BaseVRDevEnv/Content/MobileStarterContent/Materials/M_Concrete_Poured.uasset" 337
"M:/User/Documents - Data Drive/Unreal Projects/BaseVRDevEnv/Content/MobileStarterContent/Textures/T_Concrete_Tiles_D.uasset" 338
"M:/User/Documents - Data Drive/Unreal Projects/BaseVRDevEnv/Content/MobileStarterContent/Textures/T_Concrete_Tiles_M.uasset" 339
"M:/User/Documents - Data Drive/Unreal Projects/BaseVRDevEnv/Content/MobileStarterContent/Textures/T_Concrete_Tiles_N.uasset" 340
"M:/User/Documents - Data Drive/Unreal Projects/BaseVRDevEnv/Content/MobileStarterContent/Materials/M_Concrete_Tiles.uasset" 341
"M:/User/Documents - Data Drive/Unreal Projects/BaseVRDevEnv/Content/MobileStarterContent/Textures/T_Ground_Grass_D.uasset" 342
"M:/User/Documents - Data Drive/Unreal Projects/BaseVRDevEnv/Content/MobileStarterContent/Textures/T_Ground_Grass_N.uasset" 343
"M:/User/Documents - Data Drive/Unreal Projects/BaseVRDevEnv/Content/MobileStarterContent/Materials/M_Ground_Grass.uasset" 344
"M:/User/Documents - Data Drive/Unreal Projects/BaseVRDevEnv/Content/MobileStarterContent/Textures/T_Ground_Gravel_D.uasset" 345
"M:/User/Documents - Data Drive/Unreal Projects/BaseVRDevEnv/Content/MobileStarterContent/Textures/T_Ground_Gravel_N.uasset" 346
"M:/User/Documents - Data Drive/Unreal Projects/BaseVRDevEnv/Content/MobileStarterContent/Materials/M_Ground_Gravel.uasset" 347
"M:/User/Documents - Data Drive/Unreal Projects/BaseVRDevEnv/Content/MobileStarterContent/Textures/T_ground_Moss_D.uasset" 348
"M:/User/Documents - Data Drive/Unreal Projects/BaseVRDevEnv/Content/MobileStarterContent/Textures/T_Ground_Moss_N.uasset" 349
"M:/User/Documents - Data Drive/Unreal Projects/BaseVRDevEnv/Content/MobileStarterContent/Materials/M_Ground_Moss.uasset" 350
"M:/User/Documents - Data Drive/Unreal Projects/BaseVRDevEnv/Content/MobileStarterContent/Textures/T_MacroVariation.uasset" 351
"M:/User/Documents - Data Drive/Unreal Projects/BaseVRDevEnv/Content/MobileStarterContent/Materials/M_Metal_Brushed_Nickel.uasset" 352
"M:/User/Documents - Data Drive/Unreal Projects/BaseVRDevEnv/Content/MobileStarterContent/Textures/T_Metal_Aluminum_D.uasset" 353
"M:/User/Documents - Data Drive/Unreal Projects/BaseVRDevEnv/Content/MobileStarterContent/Textures/T_Metal_Gold_N.uasset" 354
"M:/User/Documents - Data Drive/Unreal Projects/BaseVRDevEnv/Content/MobileStarterContent/Materials/M_Metal_Burnished_Steel.uasset" 355
"M:/User/Documents - Data Drive/Unreal Projects/BaseVRDevEnv/Content/MobileStarterContent/Materials/M_Metal_Chrome.uasset" 356
"M:/User/Documents - Data Drive/Unreal Projects/BaseVRDevEnv/Content/MobileStarterContent/Textures/T_Metal_Copper_D.uasset" 357
"M:/User/Documents - Data Drive/Unreal Projects/BaseVRDevEnv/Content/MobileStarterContent/Materials/M_Metal_Copper.uasset" 358
"M:/User/Documents - Data Drive/Unreal Projects/BaseVRDevEnv/Content/MobileStarterContent/Textures/T_Metal_Gold_D.uasset" 359
"M:/User/Documents - Data Drive/Unreal Projects/BaseVRDevEnv/Content/MobileStarterContent/Materials/M_Metal_Gold.uasset" 360
"M:/User/Documents - Data Drive/Unreal Projects/BaseVRDevEnv/Content/MobileStarterContent/Textures/T_Metal_Rust_D.uasset" 361
"M:/User/Documents - Data Drive/Unreal Projects/BaseVRDevEnv/Content/MobileStarterContent/Materials/M_Metal_Rust.uasset" 362
"M:/User/Documents - Data Drive/Unreal Projects/BaseVRDevEnv/Content/MobileStarterContent/Textures/T_Metal_Steel_D.uasset" 363
"M:/User/Documents - Data Drive/Unreal Projects/BaseVRDevEnv/Content/MobileStarterContent/Textures/T_Metal_Steel_N.uasset" 364
"M:/User/Documents - Data Drive/Unreal Projects/BaseVRDevEnv/Content/MobileStarterContent/Materials/M_Metal_Steel.uasset" 365
"M:/User/Documents - Data Drive/Unreal Projects/BaseVRDevEnv/Content/MobileStarterContent/Textures/T_Rock_Basalt_N.uasset" 366
"M:/User/Documents - Data Drive/Unreal Projects/BaseVRDevEnv/Content/MobileStarterContent/Materials/M_Rock_Basalt.uasset" 367
"M:/User/Documents - Data Drive/Unreal Projects/BaseVRDevEnv/Content/MobileStarterContent/Materials/M_Rock_Marble_Polished.uasset" 368
"M:/User/Documents - Data Drive/Unreal Projects/BaseVRDevEnv/Content/MobileStarterContent/Textures/T_Rock_Sandstone_D.uasset" 369
"M:/User/Documents - Data Drive/Unreal Projects/BaseVRDevEnv/Content/MobileStarterContent/Textures/T_Rock_Sandstone_N.uasset" 370
"M:/User/Documents - Data Drive/Unreal Projects/BaseVRDevEnv/Content/MobileStarterContent/Materials/M_Rock_Sandstone.uasset" 371
"M:/User/Documents - Data Drive/Unreal Projects/BaseVRDevEnv/Content/MobileStarterContent/Textures/T_Rock_Slate_D.uasset" 372
"M:/User/Documents - Data Drive/Unreal Projects/BaseVRDevEnv/Content/MobileStarterContent/Textures/T_Rock_Slate_N.uasset" 373
"M:/User/Documents - Data Drive/Unreal Projects/BaseVRDevEnv/Content/MobileStarterContent/Materials/M_Rock_Slate.uasset" 374
"M:/User/Documents - Data Drive/Unreal Projects/BaseVRDevEnv/Content/MobileStarterContent/Textures/T_Checker_Noise_M.uasset" 375
"M:/User/Documents - Data Drive/Unreal Projects/BaseVRDevEnv/Content/MobileStarterContent/Textures/T_Single_Tile_N.uasset" 376
"M:/User/Documents - Data Drive/Unreal Projects/BaseVRDevEnv/Content/MobileStarterContent/Textures/T_Tech_Dot_M.uasset" 377
"M:/User/Documents - Data Drive/Unreal Projects/BaseVRDevEnv/Content/MobileStarterContent/Textures/T_Tech_Dot_N.uasset" 378
"M:/User/Documents - Data Drive/Unreal Projects/BaseVRDevEnv/Content/MobileStarterContent/Materials/M_Tech_Checker_Dot.uasset" 379
"M:/User/Documents - Data Drive/Unreal Projects/BaseVRDevEnv/Content/MobileStarterContent/Textures/T_Tech_Hex_Tile_M.uasset" 380
"M:/User/Documents - Data Drive/Unreal Projects/BaseVRDevEnv/Content/MobileStarterContent/Textures/T_Tech_Hex_Tile_N.uasset" 381
"M:/User/Documents - Data Drive/Unreal Projects/BaseVRDevEnv/Content/MobileStarterContent/Materials/M_Tech_Hex_Tile.uasset" 382
"M:/User/Documents - Data Drive/Unreal Projects/BaseVRDevEnv/Content/MobileStarterContent/Materials/M_Tech_Hex_Tile_Pulse.uasset" 383
"M:/User/Documents - Data Drive/Unreal Projects/BaseVRDevEnv/Content/MobileStarterContent/Textures/T_Tech_Panel_M.uasset" 384
"M:/User/Documents - Data Drive/Unreal Projects/BaseVRDevEnv/Content/MobileStarterContent/Textures/T_Tech_Panel_N.uasset" 385
"M:/User/Documents - Data Drive/Unreal Projects/BaseVRDevEnv/Content/MobileStarterContent/Materials/M_Tech_Panel.uasset" 386
"M:/User/Documents - Data Drive/Unreal Projects/BaseVRDevEnv/Content/MobileStarterContent/Textures/T_Water_N.uasset" 387
"M:/User/Documents - Data Drive/Unreal Projects/BaseVRDevEnv/Content/MobileStarterContent/Materials/M_Water_Lake.uasset" 388
"../../../Engine/Content/Functions/Engine_MaterialFunctions02/Utility/BlendAngleCorrectedNormals.uasset" 389
"M:/User/Documents - Data Drive/Unreal Projects/BaseVRDevEnv/Content/MobileStarterContent/Textures/T_Water_M.uasset" 390
"M:/User/Documents - Data Drive/Unreal Projects/BaseVRDevEnv/Content/MobileStarterContent/Materials/M_Water_Ocean.uasset" 391
"M:/User/Documents - Data Drive/Unreal Projects/BaseVRDevEnv/Content/MobileStarterContent/Textures/T_Wood_Floor_Walnut_D.uasset" 392
"M:/User/Documents - Data Drive/Unreal Projects/BaseVRDevEnv/Content/MobileStarterContent/Textures/T_Wood_Floor_Walnut_M.uasset" 393
"M:/User/Documents - Data Drive/Unreal Projects/BaseVRDevEnv/Content/MobileStarterContent/Textures/T_Wood_Floor_Walnut_N.uasset" 394
"M:/User/Documents - Data Drive/Unreal Projects/BaseVRDevEnv/Content/MobileStarterContent/Materials/M_Wood_Floor_Walnut_Polished.uasset" 395
"M:/User/Documents - Data Drive/Unreal Projects/BaseVRDevEnv/Content/MobileStarterContent/Materials/M_Wood_Floor_Walnut_Worn.uasset" 396
"M:/User/Documents - Data Drive/Unreal Projects/BaseVRDevEnv/Content/MobileStarterContent/Textures/T_Wood_Oak_D.uasset" 397
"M:/User/Documents - Data Drive/Unreal Projects/BaseVRDevEnv/Content/MobileStarterContent/Textures/T_Wood_Oak_N.uasset" 398
"M:/User/Documents - Data Drive/Unreal Projects/BaseVRDevEnv/Content/MobileStarterContent/Materials/M_Wood_Oak.uasset" 399
"M:/User/Documents - Data Drive/Unreal Projects/BaseVRDevEnv/Content/MobileStarterContent/Textures/T_Wood_Pine_D.uasset" 400
"M:/User/Documents - Data Drive/Unreal Projects/BaseVRDevEnv/Content/MobileStarterContent/Textures/T_Wood_Pine_N.uasset" 401
"M:/User/Documents - Data Drive/Unreal Projects/BaseVRDevEnv/Content/MobileStarterContent/Materials/M_Wood_Pine.uasset" 402
"M:/User/Documents - Data Drive/Unreal Projects/BaseVRDevEnv/Content/MobileStarterContent/Textures/T_Wood_Walnut_D.uasset" 403
"M:/User/Documents - Data Drive/Unreal Projects/BaseVRDevEnv/Content/MobileStarterContent/Textures/T_Wood_Walnut_N.uasset" 404
"M:/User/Documents - Data Drive/Unreal Projects/BaseVRDevEnv/Content/MobileStarterContent/Materials/M_Wood_Walnut.uasset" 405
"M:/User/Documents - Data Drive/Unreal Projects/BaseVRDevEnv/Content/MobileStarterContent/Architecture/Wall_400x200.uasset" 406
"M:/User/Documents - Data Drive/Unreal Projects/BaseVRDevEnv/Content/MobileStarterContent/Architecture/Wall_Door_400x300.uasset" 407
"M:/User/Documents - Data Drive/Unreal Projects/BaseVRDevEnv/Content/MobileStarterContent/Architecture/Wall_Window_400x300.uasset" 408
"M:/User/Documents - Data Drive/Unreal Projects/BaseVRDevEnv/Content/MobileStarterContent/Audio/Collapse01.uasset" 409
"M:/User/Documents - Data Drive/Unreal Projects/BaseVRDevEnv/Content/MobileStarterContent/Audio/Collapse02.uasset" 410
"M:/User/Documents - Data Drive/Unreal Projects/BaseVRDevEnv/Content/MobileStarterContent/Audio/Collapse_Cue.uasset" 411
"M:/User/Documents - Data Drive/Unreal Projects/BaseVRDevEnv/Content/MobileStarterContent/Audio/Starter_Birds01.uasset" 412
"M:/User/Documents - Data Drive/Unreal Projects/BaseVRDevEnv/Content/MobileStarterContent/Audio/Starter_Wind05.uasset" 413
"M:/User/Documents - Data Drive/Unreal Projects/BaseVRDevEnv/Content/MobileStarterContent/Audio/Starter_Wind06.uasset" 414
"M:/User/Documents - Data Drive/Unreal Projects/BaseVRDevEnv/Content/MobileStarterContent/Audio/Starter_Background_Cue.uasset" 415
"M:/User/Documents - Data Drive/Unreal Projects/BaseVRDevEnv/Content/MobileStarterContent/Audio/Starter_Music01.uasset" 416
"M:/User/Documents - Data Drive/Unreal Projects/BaseVRDevEnv/Content/MobileStarterContent/Audio/Starter_Music_Cue.uasset" 417
"M:/User/Documents - Data Drive/Unreal Projects/BaseVRDevEnv/Content/MobileStarterContent/Textures/T_Dust_Particle_D.uasset" 418
"M:/User/Documents - Data Drive/Unreal Projects/BaseVRDevEnv/Content/MobileStarterContent/Particles/Materials/M_Dust_Particle.uasset" 419
"M:/User/Documents - Data Drive/Unreal Projects/BaseVRDevEnv/Content/MobileStarterContent/Particles/P_Ambient_Dust.uasset" 420
"M:/User/Documents - Data Drive/Unreal Projects/BaseVRDevEnv/Content/MobileStarterContent/Props/MaterialSphere.uasset" 421
"M:/User/Documents - Data Drive/Unreal Projects/BaseVRDevEnv/Content/MobileStarterContent/Textures/T_Frame_M.uasset" 422
"M:/User/Documents - Data Drive/Unreal Projects/BaseVRDevEnv/Content/MobileStarterContent/Textures/T_Frame_N.uasset" 423
"M:/User/Documents - Data Drive/Unreal Projects/BaseVRDevEnv/Content/MobileStarterContent/Props/Materials/M_Frame.uasset" 424
"M:/User/Documents - Data Drive/Unreal Projects/BaseVRDevEnv/Content/MobileStarterContent/Props/SM_CornerFrame.uasset" 425
"M:/User/Documents - Data Drive/Unreal Projects/BaseVRDevEnv/Content/MobileStarterContent/Props/SM_DoorFrame.uasset" 426
"M:/User/Documents - Data Drive/Unreal Projects/BaseVRDevEnv/Content/MobileStarterContent/Props/SM_GlassWindow.uasset" 427
"M:/User/Documents - Data Drive/Unreal Projects/BaseVRDevEnv/Content/MobileStarterContent/Props/SM_PillarFrame.uasset" 428
"M:/User/Documents - Data Drive/Unreal Projects/BaseVRDevEnv/Content/MobileStarterContent/Props/SM_PillarFrame300.uasset" 429
"M:/User/Documents - Data Drive/Unreal Projects/BaseVRDevEnv/Content/MobileStarterContent/Props/SM_WindowFrame.uasset" 430
"M:/User/Documents - Data Drive/Unreal Projects/BaseVRDevEnv/Content/MobileStarterContent/Shapes/Shape_Cube.uasset" 431
"M:/User/Documents - Data Drive/Unreal Projects/BaseVRDevEnv/Content/MobileStarterContent/Shapes/Shape_QuadPyramid.uasset" 432
"M:/User/Documents - Data Drive/Unreal Projects/BaseVRDevEnv/Content/MobileStarterContent/Shapes/Shape_Sphere.uasset" 433
"M:/User/Documents - Data Drive/Unreal Projects/BaseVRDevEnv/Content/MobileStarterContent/Maps/StarterMap.umap" 434
"../../../Engine/Content/Functions/Engine_MaterialFunctions01/Texturing/ScaleUVsByCenter.uasset" 435
"../../../Engine/Content/Functions/Engine_MaterialFunctions02/ScreenResolution.uasset" 436
"../../../Engine/Content/Functions/Engine_MaterialFunctions02/Texturing/ScreenAlignedUVs.uasset" 437
"../../../Engine/Content/Functions/Engine_MaterialFunctions02/Utility/DepthFromWorldPosition.uasset" 438
"M:/User/Documents - Data Drive/Unreal Projects/BaseVRDevEnv/Content/VirtualReality/Materials/MF_OccludedPixels.uasset" 439
"M:/User/Documents - Data Drive/Unreal Projects/BaseVRDevEnv/Content/VirtualReality/Materials/TeleportMCP.uasset" 440
"../../../Engine/Content/EngineMaterials/Good64x64TilingNoiseHighFreq.uasset" 441
"M:/User/Documents - Data Drive/Unreal Projects/BaseVRDevEnv/Content/VirtualReality/Materials/M_ArcEndpoint.uasset" 442
"M:/User/Documents - Data Drive/Unreal Projects/BaseVRDevEnv/Content/VirtualReality/Materials/M_TeleportPreviews.uasset" 443
"M:/User/Documents - Data Drive/Unreal Projects/BaseVRDevEnv/Content/VirtualReality/Materials/MI_TeleportCylinderPreview.uasset" 444
"../../../Engine/Content/BasicShapes/Cylinder.uasset" 445
"M:/User/Documents - Data Drive/Unreal Projects/BaseVRDevEnv/Content/VirtualReality/Meshes/BeaconDirection.uasset" 446
"M:/User/Documents - Data Drive/Unreal Projects/BaseVRDevEnv/Content/VirtualReality/Meshes/SM_FatCylinder.uasset" 447
"M:/User/Documents - Data Drive/Unreal Projects/BaseVRDevEnv/Content/VirtualRealityBP/Blueprints/HMDLocomotionPawn.uasset" 448
"M:/User/Documents - Data Drive/Unreal Projects/BaseVRDevEnv/Content/VirtualRealityBP/Maps/HMDLocomotionMap_BuiltData.uasset" 449
"M:/User/Documents - Data Drive/Unreal Projects/BaseVRDevEnv/Content/VirtualReality/Materials/M_BaseMaterial.uasset" 450
"M:/User/Documents - Data Drive/Unreal Projects/BaseVRDevEnv/Content/VirtualReality/Materials/MI_BaseMaterial2.uasset" 451
"M:/User/Documents - Data Drive/Unreal Projects/BaseVRDevEnv/Content/VirtualReality/Materials/MI_BaseMaterial3.uasset" 452
"M:/User/Documents - Data Drive/Unreal Projects/BaseVRDevEnv/Content/Geometry/Meshes/1M_Cube.uasset" 453
"M:/User/Documents - Data Drive/Unreal Projects/BaseVRDevEnv/Content/VirtualRealityBP/Maps/HMDLocomotionMap.umap" 454
"M:/User/Documents - Data Drive/Unreal Projects/BaseVRDevEnv/Content/VirtualRealityBP/Blueprints/PickupActorInterface.uasset" 455
"M:/User/Documents - Data Drive/Unreal Projects/BaseVRDevEnv/Content/VirtualReality/Materials/MI_SmallCubes.uasset" 456
"M:/User/Documents - Data Drive/Unreal Projects/BaseVRDevEnv/Content/VirtualRealityBP/Blueprints/BP_PickupCube.uasset" 457
"M:/User/Documents - Data Drive/Unreal Projects/BaseVRDevEnv/Content/VirtualReality/Mannequin/Character/Mesh/MannequinHand_Right_Skeleton.uasset" 458
"M:/User/Documents - Data Drive/Unreal Projects/BaseVRDevEnv/Content/VirtualReality/Mannequin/Animations/MannequinHand_Right_CanGrab.uasset" 459
"M:/User/Documents - Data Drive/Unreal Projects/BaseVRDevEnv/Content/VirtualReality/Mannequin/Animations/MannequinHand_Right_Grab.uasset" 460
"M:/User/Documents - Data Drive/Unreal Projects/BaseVRDevEnv/Content/VirtualReality/Mannequin/Animations/MannequinHand_Right_Open.uasset" 461
"M:/User/Documents - Data Drive/Unreal Projects/BaseVRDevEnv/Content/VirtualReality/Mannequin/Animations/RightGrip_BS.uasset" 462
"M:/User/Documents - Data Drive/Unreal Projects/BaseVRDevEnv/Content/VirtualRealityBP/Blueprints/GripEnum.uasset" 463
"M:/User/Documents - Data Drive/Unreal Projects/BaseVRDevEnv/Content/VirtualReality/Mannequin/Animations/RightHand_AnimBP.uasset" 464
"M:/User/Documents - Data Drive/Unreal Projects/BaseVRDevEnv/Content/VirtualRealityBP/Blueprints/MotionControllerHaptics.uasset" 465
"M:/User/Documents - Data Drive/Unreal Projects/BaseVRDevEnv/Content/VirtualReality/Materials/M_SplineArcMat.uasset" 466
"M:/User/Documents - Data Drive/Unreal Projects/BaseVRDevEnv/Content/VirtualReality/Materials/MI_ChaperoneOutline.uasset" 467
"../../../Engine/Content/BasicShapes/Sphere.uasset" 468
"M:/User/Documents - Data Drive/Unreal Projects/BaseVRDevEnv/Content/VirtualReality/Mannequin/Character/Textures/UE4_Mannequin__normals.uasset" 469
"M:/User/Documents - Data Drive/Unreal Projects/BaseVRDevEnv/Content/VirtualReality/Mannequin/Character/Textures/UE4_Mannequin_MAT_MASKA.uasset" 470
"M:/User/Documents - Data Drive/Unreal Projects/BaseVRDevEnv/Content/VirtualReality/Mannequin/Character/Materials/M_HandMat.uasset" 471
"M:/User/Documents - Data Drive/Unreal Projects/BaseVRDevEnv/Content/VirtualReality/Mannequin/Character/Mesh/MannequinHand_Right_PhysicsAsset.uasset" 472
"M:/User/Documents - Data Drive/Unreal Projects/BaseVRDevEnv/Content/VirtualReality/Mannequin/Character/Mesh/MannequinHand_Right.uasset" 473
"M:/User/Documents - Data Drive/Unreal Projects/BaseVRDevEnv/Content/VirtualReality/Meshes/1x1_cube.uasset" 474
"M:/User/Documents - Data Drive/Unreal Projects/BaseVRDevEnv/Content/VirtualReality/Meshes/BeamMesh.uasset" 475
"M:/User/Documents - Data Drive/Unreal Projects/BaseVRDevEnv/Content/VirtualRealityBP/Blueprints/BP_MotionController.uasset" 476
"M:/User/Documents - Data Drive/Unreal Projects/BaseVRDevEnv/Content/VirtualRealityBP/Blueprints/MotionControllerPawn.uasset" 477
"M:/User/Documents - Data Drive/Unreal Projects/BaseVRDevEnv/Content/VirtualRealityBP/Maps/MotionControllerMap_BuiltData.uasset" 478
"M:/User/Documents - Data Drive/Unreal Projects/BaseVRDevEnv/Content/VirtualRealityBP/Maps/MotionControllerMap.umap" 479
"M:/User/Documents - Data Drive/Unreal Projects/BaseVRDevEnv/Content/VirtualRealityBP/Maps/StartupMap_BuiltData.uasset" 480
"M:/User/Documents - Data Drive/Unreal Projects/BaseVRDevEnv/Content/VirtualReality/Materials/GenericHMDMaterial.uasset" 481
"../../../Engine/Content/MapTemplates/Sky/DaylightAmbientCubemap.uasset" 482
"M:/User/Documents - Data Drive/Unreal Projects/BaseVRDevEnv/Content/VirtualReality/Meshes/GenericHMD.uasset" 483
"M:/User/Documents - Data Drive/Unreal Projects/BaseVRDevEnv/Content/VirtualRealityBP/Maps/StartupMap.umap" 484
"../../../Engine/Content/Maps/Entry_BuiltData.uasset" 485
"../../../Engine/Content/Maps/Entry.umap" 486
